# JRE version: Java(TM) SE Runtime Environment (8.0_241-b07) (build 1.8.0_241-b07)
# Java VM: Java HotSpot(TM) 64-Bit Server VM (25.241-b07 mixed mode windows-amd64 compressed oops)
Heap:
 PSYoungGen      total 142336K, used 5114K [0x00000000d5e00000, 0x00000000df400000, 0x0000000100000000)
  eden space 132608K, 3% used [0x00000000d5e00000,0x00000000d62fea98,0x00000000ddf80000)
  from space 9728K, 0% used [0x00000000de980000,0x00000000de980000,0x00000000df300000)
  to   space 10240K, 0% used [0x00000000ddf80000,0x00000000ddf80000,0x00000000de980000)
 ParOldGen       total 53248K, used 27345K [0x0000000081a00000, 0x0000000084e00000, 0x00000000d5e00000)
  object space 53248K, 51% used [0x0000000081a00000,0x00000000834b4740,0x0000000084e00000)
 Metaspace       used 39333K, capacity 41376K, committed 41600K, reserved 1089536K
  class space    used 5380K, capacity 5751K, committed 5760K, reserved 1048576K
GC Heap History (10 events):
Event: 8.843 GC heap before
{Heap before GC invocations=11 (full 1):
 PSYoungGen      total 142848K, used 63882K [0x00000000d5e00000, 0x00000000df400000, 0x0000000100000000)
  eden space 132608K, 40% used [0x00000000d5e00000,0x00000000d9264190,0x00000000ddf80000)
  from space 10240K, 99% used [0x00000000ddf80000,0x00000000de97e778,0x00000000de980000)
  to   space 9728K, 0% used [0x00000000de980000,0x00000000de980000,0x00000000df300000)
 ParOldGen       total 53248K, used 10458K [0x0000000081a00000, 0x0000000084e00000, 0x00000000d5e00000)
  object space 53248K, 19% used [0x0000000081a00000,0x0000000082436b38,0x0000000084e00000)
 Metaspace       used 33952K, capacity 35314K, committed 35456K, reserved 1079296K
  class space    used 4632K, capacity 4908K, committed 4992K, reserved 1048576K
Event: 8.855 GC heap after
Heap after GC invocations=11 (full 1):
 PSYoungGen      total 142336K, used 7455K [0x00000000d5e00000, 0x00000000df400000, 0x0000000100000000)
  eden space 132608K, 0% used [0x00000000d5e00000,0x00000000d5e00000,0x00000000ddf80000)
  from space 9728K, 76% used [0x00000000de980000,0x00000000df0c7cf8,0x00000000df300000)
  to   space 10240K, 0% used [0x00000000ddf80000,0x00000000ddf80000,0x00000000de980000)
 ParOldGen       total 53248K, used 15531K [0x0000000081a00000, 0x0000000084e00000, 0x00000000d5e00000)
  object space 53248K, 29% used [0x0000000081a00000,0x000000008292af68,0x0000000084e00000)
 Metaspace       used 33952K, capacity 35314K, committed 35456K, reserved 1079296K
  class space    used 4632K, capacity 4908K, committed 4992K, reserved 1048576K
}
Event: 8.855 GC heap before
{Heap before GC invocations=12 (full 2):
 PSYoungGen      total 142336K, used 7455K [0x00000000d5e00000, 0x00000000df400000, 0x0000000100000000)
  eden space 132608K, 0% used [0x00000000d5e00000,0x00000000d5e00000,0x00000000ddf80000)
  from space 9728K, 76% used [0x00000000de980000,0x00000000df0c7cf8,0x00000000df300000)
  to   space 10240K, 0% used [0x00000000ddf80000,0x00000000ddf80000,0x00000000de980000)
 ParOldGen       total 53248K, used 15531K [0x0000000081a00000, 0x0000000084e00000, 0x00000000d5e00000)
  object space 53248K, 29% used [0x0000000081a00000,0x000000008292af68,0x0000000084e00000)
 Metaspace       used 33952K, capacity 35314K, committed 35456K, reserved 1079296K
  class space    used 4632K, capacity 4908K, committed 4992K, reserved 1048576K
Event: 8.923 GC heap after
Heap after GC invocations=12 (full 2):
 PSYoungGen      total 142336K, used 0K [0x00000000d5e00000, 0x00000000df400000, 0x0000000100000000)
  eden space 132608K, 0% used [0x00000000d5e00000,0x00000000d5e00000,0x00000000ddf80000)
  from space 9728K, 0% used [0x00000000de980000,0x00000000de980000,0x00000000df300000)
  to   space 10240K, 0% used [0x00000000ddf80000,0x00000000ddf80000,0x00000000de980000)
 ParOldGen       total 53248K, used 17981K [0x0000000081a00000, 0x0000000084e00000, 0x00000000d5e00000)
  object space 53248K, 33% used [0x0000000081a00000,0x0000000082b8f568,0x0000000084e00000)
 Metaspace       used 33952K, capacity 35314K, committed 35456K, reserved 1079296K
  class space    used 4632K, capacity 4908K, committed 4992K, reserved 1048576K
}
Event: 9.772 GC heap before
{Heap before GC invocations=13 (full 2):
 PSYoungGen      total 142336K, used 132608K [0x00000000d5e00000, 0x00000000df400000, 0x0000000100000000)
  eden space 132608K, 100% used [0x00000000d5e00000,0x00000000ddf80000,0x00000000ddf80000)
  from space 9728K, 0% used [0x00000000de980000,0x00000000de980000,0x00000000df300000)
  to   space 10240K, 0% used [0x00000000ddf80000,0x00000000ddf80000,0x00000000de980000)
 ParOldGen       total 53248K, used 17981K [0x0000000081a00000, 0x0000000084e00000, 0x00000000d5e00000)
  object space 53248K, 33% used [0x0000000081a00000,0x0000000082b8f568,0x0000000084e00000)
 Metaspace       used 36936K, capacity 38768K, committed 38912K, reserved 1083392K
  class space    used 4998K, capacity 5350K, committed 5376K, reserved 1048576K
Event: 9.778 GC heap after
Heap after GC invocations=13 (full 2):
 PSYoungGen      total 142848K, used 8098K [0x00000000d5e00000, 0x00000000df400000, 0x0000000100000000)
  eden space 132608K, 0% used [0x00000000d5e00000,0x00000000d5e00000,0x00000000ddf80000)
  from space 10240K, 79% used [0x00000000ddf80000,0x00000000de768870,0x00000000de980000)
  to   space 9728K, 0% used [0x00000000de980000,0x00000000de980000,0x00000000df300000)
 ParOldGen       total 53248K, used 17989K [0x0000000081a00000, 0x0000000084e00000, 0x00000000d5e00000)
  object space 53248K, 33% used [0x0000000081a00000,0x0000000082b91568,0x0000000084e00000)
 Metaspace       used 36936K, capacity 38768K, committed 38912K, reserved 1083392K
  class space    used 4998K, capacity 5350K, committed 5376K, reserved 1048576K
}
Event: 10.905 GC heap before
{Heap before GC invocations=14 (full 2):
 PSYoungGen      total 142848K, used 114929K [0x00000000d5e00000, 0x00000000df400000, 0x0000000100000000)
  eden space 132608K, 80% used [0x00000000d5e00000,0x00000000dc653c90,0x00000000ddf80000)
  from space 10240K, 79% used [0x00000000ddf80000,0x00000000de768870,0x00000000de980000)
  to   space 9728K, 0% used [0x00000000de980000,0x00000000de980000,0x00000000df300000)
 ParOldGen       total 53248K, used 17989K [0x0000000081a00000, 0x0000000084e00000, 0x00000000d5e00000)
  object space 53248K, 33% used [0x0000000081a00000,0x0000000082b91568,0x0000000084e00000)
 Metaspace       used 39324K, capacity 41312K, committed 41344K, reserved 1091584K
  class space    used 5377K, capacity 5751K, committed 5760K, reserved 1048576K
Event: 10.916 GC heap after
Heap after GC invocations=14 (full 2):
 PSYoungGen      total 142336K, used 7957K [0x00000000d5e00000, 0x00000000df400000, 0x0000000100000000)
  eden space 132608K, 0% used [0x00000000d5e00000,0x00000000d5e00000,0x00000000ddf80000)
  from space 9728K, 81% used [0x00000000de980000,0x00000000df1457c0,0x00000000df300000)
  to   space 10240K, 0% used [0x00000000ddf80000,0x00000000ddf80000,0x00000000de980000)
 ParOldGen       total 53248K, used 23045K [0x0000000081a00000, 0x0000000084e00000, 0x00000000d5e00000)
  object space 53248K, 43% used [0x0000000081a00000,0x0000000083081680,0x0000000084e00000)
 Metaspace       used 39324K, capacity 41312K, committed 41344K, reserved 1091584K
  class space    used 5377K, capacity 5751K, committed 5760K, reserved 1048576K
}
Event: 10.916 GC heap before
{Heap before GC invocations=15 (full 3):
 PSYoungGen      total 142336K, used 7957K [0x00000000d5e00000, 0x00000000df400000, 0x0000000100000000)
  eden space 132608K, 0% used [0x00000000d5e00000,0x00000000d5e00000,0x00000000ddf80000)
  from space 9728K, 81% used [0x00000000de980000,0x00000000df1457c0,0x00000000df300000)
  to   space 10240K, 0% used [0x00000000ddf80000,0x00000000ddf80000,0x00000000de980000)
 ParOldGen       total 53248K, used 23045K [0x0000000081a00000, 0x0000000084e00000, 0x00000000d5e00000)
  object space 53248K, 43% used [0x0000000081a00000,0x0000000083081680,0x0000000084e00000)
 Metaspace       used 39324K, capacity 41312K, committed 41344K, reserved 1091584K
  class space    used 5377K, capacity 5751K, committed 5760K, reserved 1048576K
Event: 11.084 GC heap after
Heap after GC invocations=15 (full 3):
 PSYoungGen      total 142336K, used 0K [0x00000000d5e00000, 0x00000000df400000, 0x0000000100000000)
  eden space 132608K, 0% used [0x00000000d5e00000,0x00000000d5e00000,0x00000000ddf80000)
  from space 9728K, 0% used [0x00000000de980000,0x00000000de980000,0x00000000df300000)
  to   space 10240K, 0% used [0x00000000ddf80000,0x00000000ddf80000,0x00000000de980000)
 ParOldGen       total 53248K, used 27345K [0x0000000081a00000, 0x0000000084e00000, 0x00000000d5e00000)
  object space 53248K, 51% used [0x0000000081a00000,0x00000000834b4740,0x0000000084e00000)
 Metaspace       used 39324K, capacity 41312K, committed 41344K, reserved 1089536K
  class space    used 5377K, capacity 5751K, committed 5760K, reserved 1048576K
}

